<?xml version="1.0" encoding="UTF-8"?>
<!-- Generated by org.testng.reporters.JUnitReportReporter -->
<testsuite hostname="Holyvia" failures="0" tests="1" name="test.testNG" time="15.138" errors="0" timestamp="2024-02-09T20:38:19 ICT" skipped="0">
  <testcase classname="test.testNG" name="mainTest" time="15.138"/>
</testsuite> <!-- test.testNG -->
